17:26:37.141 INFO - Selenium build info: version: '3.6.0', revision: '6fbf3ec767'
17:26:37.142 INFO - Launching a standalone Selenium Server
2018-03-09 17:26:37.172:INFO::main: Logging initialized @535ms to org.seleniumhq.jetty9.util.log.StdErrLog
17:26:37.245 INFO - Driver class not found: com.opera.core.systems.OperaDriver
17:26:37.291 INFO - Driver provider class org.openqa.selenium.ie.InternetExplorerDriver registration is skipped:
 registration capabilities Capabilities [{ensureCleanSession=true, browserName=internet explorer, version=, platform=WINDOWS}] does not match the current platform MAC
17:26:37.291 INFO - Driver provider class org.openqa.selenium.edge.EdgeDriver registration is skipped:
 registration capabilities Capabilities [{browserName=MicrosoftEdge, version=, platform=WINDOWS}] does not match the current platform MAC
17:26:37.333 INFO - Using the passthrough mode handler
2018-03-09 17:26:37.367:INFO:osjs.Server:main: jetty-9.4.5.v20170502
2018-03-09 17:26:37.397:WARN:osjs.SecurityHandler:main: ServletContext@o.s.j.s.ServletContextHandler@6fc6f14e{/,null,STARTING} has uncovered http methods for path: /
2018-03-09 17:26:37.405:INFO:osjsh.ContextHandler:main: Started o.s.j.s.ServletContextHandler@6fc6f14e{/,null,AVAILABLE}
2018-03-09 17:26:37.461:INFO:osjs.AbstractConnector:main: Started ServerConnector@3cef309d{HTTP/1.1,[http/1.1]}{0.0.0.0:4444}
2018-03-09 17:26:37.462:INFO:osjs.Server:main: Started @825ms
17:26:37.462 INFO - Selenium Server is up and running
2018-03-09 17:26:37.715:INFO:osjshC.ROOT:qtp515132998-11: org.openqa.selenium.remote.server.WebDriverServlet-457e2f02: Initialising WebDriverServlet
17:26:37.764 INFO - Binding default provider to: org.openqa.selenium.chrome.ChromeDriverService
17:26:37.765 INFO - Found handler: org.openqa.selenium.remote.server.commandhandler.BeginSession@38fff6db
17:26:37.771 INFO - /session: Executing POST on /session (handler: BeginSession)
17:26:37.832 INFO - Capabilities are: Capabilities {acceptSslCerts=true, name=Test, browserName=chrome, javascriptEnabled=true, platformName=ANY, platform=ANY, }
17:26:37.833 INFO - Capabilities {acceptSslCerts=true, name=Test, browserName=chrome, javascriptEnabled=true, platformName=ANY, platform=ANY, } matched class org.openqa.selenium.remote.server.ServicedSession$Factory (provider: org.openqa.selenium.chrome.ChromeDriverService)
17:26:37.833 INFO - Capabilities {acceptSslCerts=true, name=Test, browserName=chrome, javascriptEnabled=true, platformName=ANY, platform=ANY, } matched class org.openqa.selenium.remote.server.ServicedSession$Factory (provider: org.openqa.selenium.chrome.ChromeDriverService)
Starting ChromeDriver 2.33.506106 (8a06c39c4582fbfbab6966dbb1c38a9173bfb1a2) on port 16636
Only local connections are allowed.
17:26:40.218 INFO - Found handler: org.openqa.selenium.remote.server.ServicedSession@29c69688
17:26:40.219 INFO - Handler thread for session 58e987fa50c8d5b498f75cb0a266d4ae (chrome): Executing POST on /session/58e987fa50c8d5b498f75cb0a266d4ae/url (handler: ServicedSession)
17:26:40.222 INFO - To upstream: {"url":"http://localhost:8080"}
17:26:40.555 INFO - To downstream: {"sessionId":"58e987fa50c8d5b498f75cb0a266d4ae","status":0,"value":null}
17:26:40.563 INFO - Found handler: org.openqa.selenium.remote.server.ServicedSession@29c69688
17:26:40.563 INFO - Handler thread for session 58e987fa50c8d5b498f75cb0a266d4ae (chrome): Executing POST on /session/58e987fa50c8d5b498f75cb0a266d4ae/elements (handler: ServicedSession)
17:26:40.564 INFO - To upstream: {"using":"css selector","value":"#app"}
17:26:40.580 INFO - To downstream: {"sessionId":"58e987fa50c8d5b498f75cb0a266d4ae","status":0,"value":[{"ELEMENT":"0.3396183457063282-1"}]}
17:26:40.586 INFO - Found handler: org.openqa.selenium.remote.server.ServicedSession@29c69688
17:26:40.587 INFO - Handler thread for session 58e987fa50c8d5b498f75cb0a266d4ae (chrome): Executing GET on /session/58e987fa50c8d5b498f75cb0a266d4ae/element/0.3396183457063282-1/displayed (handler: ServicedSession)
17:26:40.601 INFO - To downstream: {"sessionId":"58e987fa50c8d5b498f75cb0a266d4ae","status":0,"value":true}
17:26:40.609 INFO - Found handler: org.openqa.selenium.remote.server.ServicedSession@29c69688
17:26:40.609 INFO - Handler thread for session 58e987fa50c8d5b498f75cb0a266d4ae (chrome): Executing POST on /session/58e987fa50c8d5b498f75cb0a266d4ae/elements (handler: ServicedSession)
17:26:40.611 INFO - To upstream: {"using":"css selector","value":".dashboard"}
17:26:40.625 INFO - To downstream: {"sessionId":"58e987fa50c8d5b498f75cb0a266d4ae","status":0,"value":[{"ELEMENT":"0.3396183457063282-2"}]}
17:26:40.634 INFO - Found handler: org.openqa.selenium.remote.server.ServicedSession@29c69688
17:26:40.634 INFO - Handler thread for session 58e987fa50c8d5b498f75cb0a266d4ae (chrome): Executing POST on /session/58e987fa50c8d5b498f75cb0a266d4ae/element (handler: ServicedSession)
17:26:40.635 INFO - To upstream: {"using":"css selector","value":"h1"}
17:26:40.650 INFO - To downstream: {"sessionId":"58e987fa50c8d5b498f75cb0a266d4ae","status":0,"value":{"ELEMENT":"0.3396183457063282-3"}}
17:26:40.657 INFO - Found handler: org.openqa.selenium.remote.server.ServicedSession@29c69688
17:26:40.657 INFO - Handler thread for session 58e987fa50c8d5b498f75cb0a266d4ae (chrome): Executing GET on /session/58e987fa50c8d5b498f75cb0a266d4ae/element/0.3396183457063282-3/text (handler: ServicedSession)
17:26:40.675 INFO - To downstream: {"sessionId":"58e987fa50c8d5b498f75cb0a266d4ae","status":0,"value":"Welcome to your truffle-vue dApp"}
17:26:40.683 INFO - Found handler: org.openqa.selenium.remote.server.ServicedSession@29c69688
17:26:40.684 INFO - Handler thread for session 58e987fa50c8d5b498f75cb0a266d4ae (chrome): Executing POST on /session/58e987fa50c8d5b498f75cb0a266d4ae/execute (handler: ServicedSession)
17:26:40.685 INFO - To upstream: {"script":"var passedArgs = Array.prototype.slice.call(arguments,0); return function (selector) {\n      return document.querySelectorAll(selector).length;\n    }.apply(window, passedArgs);","args":["img"]}
17:26:40.689 INFO - To downstream: {"sessionId":"58e987fa50c8d5b498f75cb0a266d4ae","status":0,"value":1}
17:26:40.699 INFO - Found handler: org.openqa.selenium.remote.server.ServicedSession@29c69688
17:26:40.699 INFO - Handler thread for session 58e987fa50c8d5b498f75cb0a266d4ae (chrome): Executing DELETE on /session/58e987fa50c8d5b498f75cb0a266d4ae (handler: ServicedSession)
17:26:40.751 INFO - To downstream: {"sessionId":"58e987fa50c8d5b498f75cb0a266d4ae","status":0,"value":null}
17:26:40.756 INFO - Removing session org.openqa.selenium.remote.server.ServicedSession@29c69688
